[03-Oct-2025 19:21:32 Europe/Berlin] Attempting to connect to database: southrift on localhost
[03-Oct-2025 19:21:32 Europe/Berlin] Successfully connected to database: southrift
[03-Oct-2025 19:21:39 Europe/Berlin] Attempting to connect to database: southrift on localhost
[03-Oct-2025 19:21:39 Europe/Berlin] Successfully connected to database: southrift
[03-Oct-2025 19:21:39 Europe/Berlin] Attempting to connect to database: southrift on localhost
[03-Oct-2025 19:21:39 Europe/Berlin] Successfully connected to database: southrift
[03-Oct-2025 19:21:44 Europe/Berlin] Attempting to connect to database: southrift on localhost
[03-Oct-2025 19:21:44 Europe/Berlin] Successfully connected to database: southrift
[03-Oct-2025 19:21:44 Europe/Berlin] Attempting to connect to database: southrift on localhost
[03-Oct-2025 19:21:44 Europe/Berlin] Successfully connected to database: southrift
[03-Oct-2025 19:21:44 Europe/Berlin] Attempting to connect to database: southrift on localhost
[03-Oct-2025 19:21:44 Europe/Berlin] Successfully connected to database: southrift
[04-Oct-2025 10:46:20 Europe/Berlin] Attempting to connect to database: southrift on localhost
[04-Oct-2025 10:46:20 Europe/Berlin] PHP Warning:  mysqli::__construct(): (HY000/1049): Unknown database 'southrift' in C:\xampp\htdocs\Southrift Services\db.php on line 17
[04-Oct-2025 10:46:20 Europe/Berlin] Database connection failed: Unknown database 'southrift'
[04-Oct-2025 10:49:11 Europe/Berlin] Attempting to connect to database: southrift on localhost
[04-Oct-2025 10:49:11 Europe/Berlin] Successfully connected to database: southrift
[04-Oct-2025 10:49:33 Europe/Berlin] Attempting to connect to database: southrift on localhost
[04-Oct-2025 10:49:33 Europe/Berlin] Successfully connected to database: southrift
[04-Oct-2025 10:49:33 Europe/Berlin] Login error: Invalid username or password
[04-Oct-2025 10:49:42 Europe/Berlin] Attempting to connect to database: southrift on localhost
[04-Oct-2025 10:49:42 Europe/Berlin] Successfully connected to database: southrift
[04-Oct-2025 10:49:42 Europe/Berlin] Login error: Invalid username or password
[04-Oct-2025 10:50:27 Europe/Berlin] Attempting to connect to database: southrift on localhost
[04-Oct-2025 10:50:27 Europe/Berlin] Successfully connected to database: southrift
[04-Oct-2025 10:50:28 Europe/Berlin] Attempting to connect to database: southrift on localhost
[04-Oct-2025 10:50:28 Europe/Berlin] Successfully connected to database: southrift
[04-Oct-2025 10:51:07 Europe/Berlin] Attempting to connect to database: southrift on localhost
[04-Oct-2025 10:51:07 Europe/Berlin] Successfully connected to database: southrift
[04-Oct-2025 10:51:07 Europe/Berlin] Login error: Invalid username or password
[04-Oct-2025 10:51:21 Europe/Berlin] Attempting to connect to database: southrift on localhost
[04-Oct-2025 10:51:21 Europe/Berlin] Successfully connected to database: southrift
[04-Oct-2025 10:51:21 Europe/Berlin] Attempting to connect to database: southrift on localhost
[04-Oct-2025 10:51:21 Europe/Berlin] Successfully connected to database: southrift
[04-Oct-2025 10:51:21 Europe/Berlin] Attempting to connect to database: southrift on localhost
[04-Oct-2025 10:51:21 Europe/Berlin] Successfully connected to database: southrift
[04-Oct-2025 10:59:45 Europe/Berlin] Attempting to connect to database: southrift on localhost
[04-Oct-2025 10:59:45 Europe/Berlin] Successfully connected to database: southrift
[04-Oct-2025 11:24:40 Europe/Berlin] Attempting to connect to database: southrift on localhost
[04-Oct-2025 11:24:40 Europe/Berlin] Successfully connected to database: southrift
[04-Oct-2025 11:24:40 Europe/Berlin] Attempting to connect to database: southrift on localhost
[04-Oct-2025 11:24:40 Europe/Berlin] Successfully connected to database: southrift
[04-Oct-2025 11:24:45 Europe/Berlin] Attempting to connect to database: southrift on localhost
[04-Oct-2025 11:24:45 Europe/Berlin] Successfully connected to database: southrift
[04-Oct-2025 11:26:06 Europe/Berlin] Attempting to connect to database: southrift on localhost
[04-Oct-2025 11:26:06 Europe/Berlin] Successfully connected to database: southrift
[04-Oct-2025 11:27:02 Europe/Berlin] Attempting to connect to database: southrift on localhost
[04-Oct-2025 11:27:02 Europe/Berlin] Successfully connected to database: southrift
[04-Oct-2025 11:27:02 Europe/Berlin] Attempting to connect to database: southrift on localhost
[04-Oct-2025 11:27:02 Europe/Berlin] Successfully connected to database: southrift
[04-Oct-2025 11:27:06 Europe/Berlin] Attempting to connect to database: southrift on localhost
[04-Oct-2025 11:27:06 Europe/Berlin] Successfully connected to database: southrift
[04-Oct-2025 11:30:27 Europe/Berlin] Attempting to connect to database: southrift on localhost
[04-Oct-2025 11:30:27 Europe/Berlin] Successfully connected to database: southrift
[04-Oct-2025 11:31:15 Europe/Berlin] Attempting to connect to database: southrift on localhost
[04-Oct-2025 11:31:15 Europe/Berlin] Successfully connected to database: southrift
[04-Oct-2025 11:31:15 Europe/Berlin] Attempting to connect to database: southrift on localhost
[04-Oct-2025 11:31:15 Europe/Berlin] Successfully connected to database: southrift
[04-Oct-2025 11:31:18 Europe/Berlin] Attempting to connect to database: southrift on localhost
[04-Oct-2025 11:31:18 Europe/Berlin] Successfully connected to database: southrift
[04-Oct-2025 11:40:55 Europe/Berlin] Attempting to connect to database: southrift on localhost
[04-Oct-2025 11:40:55 Europe/Berlin] Successfully connected to database: southrift
[04-Oct-2025 11:42:10 Europe/Berlin] Attempting to connect to database: southrift on localhost
[04-Oct-2025 11:42:10 Europe/Berlin] Successfully connected to database: southrift
[04-Oct-2025 11:42:10 Europe/Berlin] Attempting to connect to database: southrift on localhost
[04-Oct-2025 11:42:10 Europe/Berlin] Successfully connected to database: southrift
[04-Oct-2025 11:45:01 Europe/Berlin] Attempting to connect to database: southrift on localhost
[04-Oct-2025 11:45:01 Europe/Berlin] Successfully connected to database: southrift
[04-Oct-2025 11:45:08 Europe/Berlin] Attempting to connect to database: southrift on localhost
[04-Oct-2025 11:45:08 Europe/Berlin] Successfully connected to database: southrift
[04-Oct-2025 11:45:34 Europe/Berlin] Attempting to connect to database: southrift on localhost
[04-Oct-2025 11:45:34 Europe/Berlin] Successfully connected to database: southrift
[04-Oct-2025 11:46:00 Europe/Berlin] Attempting to connect to database: southrift on localhost
[04-Oct-2025 11:46:00 Europe/Berlin] Successfully connected to database: southrift
[04-Oct-2025 11:48:02 Europe/Berlin] Attempting to connect to database: southrift on localhost
[04-Oct-2025 11:48:02 Europe/Berlin] Successfully connected to database: southrift
[04-Oct-2025 11:48:19 Europe/Berlin] Attempting to connect to database: southrift on localhost
[04-Oct-2025 11:48:19 Europe/Berlin] Successfully connected to database: southrift
[04-Oct-2025 11:48:38 Europe/Berlin] Attempting to connect to database: southrift on localhost
[04-Oct-2025 11:48:38 Europe/Berlin] Successfully connected to database: southrift
[04-Oct-2025 11:49:31 Europe/Berlin] Attempting to connect to database: southrift on localhost
[04-Oct-2025 11:49:31 Europe/Berlin] Successfully connected to database: southrift
[04-Oct-2025 11:49:40 Europe/Berlin] Attempting to connect to database: southrift on localhost
[04-Oct-2025 11:49:40 Europe/Berlin] Successfully connected to database: southrift
[04-Oct-2025 11:49:40 Europe/Berlin] PHP Warning:  Undefined variable $google_maps_link in C:\xampp\htdocs\Southrift Services\track_my_driver.php on line 590
[04-Oct-2025 11:49:43 Europe/Berlin] Attempting to connect to database: southrift on localhost
[04-Oct-2025 11:49:43 Europe/Berlin] Successfully connected to database: southrift
[04-Oct-2025 11:55:30 Europe/Berlin] Attempting to connect to database: southrift on localhost
[04-Oct-2025 11:55:30 Europe/Berlin] Successfully connected to database: southrift
[04-Oct-2025 11:55:30 Europe/Berlin] Attempting to connect to database: southrift on localhost
[04-Oct-2025 11:55:30 Europe/Berlin] Successfully connected to database: southrift
[04-Oct-2025 11:55:33 Europe/Berlin] Attempting to connect to database: southrift on localhost
[04-Oct-2025 11:55:33 Europe/Berlin] Successfully connected to database: southrift
[04-Oct-2025 11:55:57 Europe/Berlin] Attempting to connect to database: southrift on localhost
[04-Oct-2025 11:55:57 Europe/Berlin] Successfully connected to database: southrift
[04-Oct-2025 11:56:05 Europe/Berlin] Attempting to connect to database: southrift on localhost
[04-Oct-2025 11:56:05 Europe/Berlin] Successfully connected to database: southrift
[04-Oct-2025 11:56:05 Europe/Berlin] Attempting to connect to database: southrift on localhost
[04-Oct-2025 11:56:05 Europe/Berlin] Successfully connected to database: southrift
[04-Oct-2025 11:56:05 Europe/Berlin] Attempting to connect to database: southrift on localhost
[04-Oct-2025 11:56:05 Europe/Berlin] Successfully connected to database: southrift
[04-Oct-2025 11:56:08 Europe/Berlin] Attempting to connect to database: southrift on localhost
[04-Oct-2025 11:56:08 Europe/Berlin] Successfully connected to database: southrift
[04-Oct-2025 11:56:11 Europe/Berlin] Attempting to connect to database: southrift on localhost
[04-Oct-2025 11:56:11 Europe/Berlin] Successfully connected to database: southrift
[04-Oct-2025 11:56:23 Europe/Berlin] Attempting to connect to database: southrift on localhost
[04-Oct-2025 11:56:23 Europe/Berlin] Successfully connected to database: southrift
[04-Oct-2025 11:56:30 Europe/Berlin] Attempting to connect to database: southrift on localhost
[04-Oct-2025 11:56:30 Europe/Berlin] Successfully connected to database: southrift
[04-Oct-2025 11:56:47 Europe/Berlin] Attempting to connect to database: southrift on localhost
[04-Oct-2025 11:56:47 Europe/Berlin] Successfully connected to database: southrift
[04-Oct-2025 11:56:54 Europe/Berlin] Attempting to connect to database: southrift on localhost
[04-Oct-2025 11:56:54 Europe/Berlin] Successfully connected to database: southrift
[04-Oct-2025 11:58:02 Europe/Berlin] Attempting to connect to database: southrift on localhost
[04-Oct-2025 11:58:02 Europe/Berlin] Successfully connected to database: southrift
[04-Oct-2025 11:59:03 Europe/Berlin] Attempting to connect to database: southrift on localhost
[04-Oct-2025 11:59:03 Europe/Berlin] Successfully connected to database: southrift
[04-Oct-2025 11:59:03 Europe/Berlin] Attempting to connect to database: southrift on localhost
[04-Oct-2025 11:59:03 Europe/Berlin] Successfully connected to database: southrift
[04-Oct-2025 11:59:08 Europe/Berlin] Attempting to connect to database: southrift on localhost
[04-Oct-2025 11:59:08 Europe/Berlin] Successfully connected to database: southrift
[04-Oct-2025 11:59:13 Europe/Berlin] Attempting to connect to database: southrift on localhost
[04-Oct-2025 11:59:13 Europe/Berlin] Successfully connected to database: southrift
[04-Oct-2025 11:59:17 Europe/Berlin] Attempting to connect to database: southrift on localhost
[04-Oct-2025 11:59:17 Europe/Berlin] Successfully connected to database: southrift
[04-Oct-2025 11:59:18 Europe/Berlin] Attempting to connect to database: southrift on localhost
[04-Oct-2025 11:59:18 Europe/Berlin] Successfully connected to database: southrift
[04-Oct-2025 11:59:19 Europe/Berlin] Attempting to connect to database: southrift on localhost
[04-Oct-2025 11:59:19 Europe/Berlin] Successfully connected to database: southrift
[04-Oct-2025 11:59:20 Europe/Berlin] Attempting to connect to database: southrift on localhost
[04-Oct-2025 11:59:20 Europe/Berlin] Successfully connected to database: southrift
[04-Oct-2025 11:59:25 Europe/Berlin] Attempting to connect to database: southrift on localhost
[04-Oct-2025 11:59:25 Europe/Berlin] Successfully connected to database: southrift
[04-Oct-2025 11:59:39 Europe/Berlin] Attempting to connect to database: southrift on localhost
[04-Oct-2025 11:59:39 Europe/Berlin] Successfully connected to database: southrift
[04-Oct-2025 11:59:44 Europe/Berlin] Attempting to connect to database: southrift on localhost
[04-Oct-2025 11:59:44 Europe/Berlin] Successfully connected to database: southrift
[04-Oct-2025 11:59:44 Europe/Berlin] Attempting to connect to database: southrift on localhost
[04-Oct-2025 11:59:44 Europe/Berlin] Successfully connected to database: southrift
[04-Oct-2025 11:59:46 Europe/Berlin] Attempting to connect to database: southrift on localhost
[04-Oct-2025 11:59:46 Europe/Berlin] Successfully connected to database: southrift
[04-Oct-2025 11:59:48 Europe/Berlin] Attempting to connect to database: southrift on localhost
[04-Oct-2025 11:59:48 Europe/Berlin] Successfully connected to database: southrift
[04-Oct-2025 11:59:53 Europe/Berlin] Attempting to connect to database: southrift on localhost
[04-Oct-2025 11:59:53 Europe/Berlin] Successfully connected to database: southrift
[04-Oct-2025 12:00:00 Europe/Berlin] Attempting to connect to database: southrift on localhost
[04-Oct-2025 12:00:00 Europe/Berlin] Successfully connected to database: southrift
[04-Oct-2025 12:00:00 Europe/Berlin] Attempting to connect to database: southrift on localhost
[04-Oct-2025 12:00:00 Europe/Berlin] Successfully connected to database: southrift
[04-Oct-2025 12:00:00 Europe/Berlin] Attempting to connect to database: southrift on localhost
[04-Oct-2025 12:00:00 Europe/Berlin] Successfully connected to database: southrift
[04-Oct-2025 12:00:02 Europe/Berlin] Attempting to connect to database: southrift on localhost
[04-Oct-2025 12:00:02 Europe/Berlin] Successfully connected to database: southrift
[04-Oct-2025 12:00:04 Europe/Berlin] Attempting to connect to database: southrift on localhost
[04-Oct-2025 12:00:04 Europe/Berlin] Successfully connected to database: southrift
[04-Oct-2025 12:00:04 Europe/Berlin] Attempting to connect to database: southrift on localhost
[04-Oct-2025 12:00:04 Europe/Berlin] Successfully connected to database: southrift
[04-Oct-2025 12:00:11 Europe/Berlin] Attempting to connect to database: southrift on localhost
[04-Oct-2025 12:00:11 Europe/Berlin] Successfully connected to database: southrift
[04-Oct-2025 12:00:11 Europe/Berlin] Attempting to connect to database: southrift on localhost
[04-Oct-2025 12:00:11 Europe/Berlin] Successfully connected to database: southrift
[04-Oct-2025 12:00:11 Europe/Berlin] Attempting to connect to database: southrift on localhost
[04-Oct-2025 12:00:11 Europe/Berlin] Successfully connected to database: southrift
[04-Oct-2025 12:00:12 Europe/Berlin] Attempting to connect to database: southrift on localhost
[04-Oct-2025 12:00:12 Europe/Berlin] Successfully connected to database: southrift
[04-Oct-2025 12:06:50 Europe/Berlin] Attempting to connect to database: southrift on localhost
[04-Oct-2025 12:06:50 Europe/Berlin] Successfully connected to database: southrift
[04-Oct-2025 12:06:52 Europe/Berlin] Attempting to connect to database: southrift on localhost
[04-Oct-2025 12:06:52 Europe/Berlin] Successfully connected to database: southrift
[04-Oct-2025 12:06:52 Europe/Berlin] Attempting to connect to database: southrift on localhost
[04-Oct-2025 12:06:52 Europe/Berlin] Successfully connected to database: southrift
[04-Oct-2025 12:06:56 Europe/Berlin] Attempting to connect to database: southrift on localhost
[04-Oct-2025 12:06:56 Europe/Berlin] Successfully connected to database: southrift
[04-Oct-2025 12:06:56 Europe/Berlin] Google Maps Share Request: Array
(
    [csrf_token] => b0fa6c4706cc3d81db232ed1a91784950214272dc389a068a61c73351385a98e
    [google_maps_link] => https://maps.app.goo.gl/JdiAgT34ftK6gsRp9
    [driver_phone] => 0736225373
)

[04-Oct-2025 12:06:56 Europe/Berlin] Session CSRF: b0fa6c4706cc3d81db232ed1a91784950214272dc389a068a61c73351385a98e
[04-Oct-2025 12:06:56 Europe/Berlin] Posted CSRF: b0fa6c4706cc3d81db232ed1a91784950214272dc389a068a61c73351385a98e
[04-Oct-2025 12:06:56 Europe/Berlin] CSRF Debug - Posted token: b0fa6c4706...
[04-Oct-2025 12:06:56 Europe/Berlin] CSRF Debug - Session token: b0fa6c4706...
[04-Oct-2025 12:06:56 Europe/Berlin] Received params - Driver: 0736225373, Link: https://maps.app.goo.gl/JdiAgT34ftK6gsRp9
[04-Oct-2025 12:06:56 Europe/Berlin] Searching for driver with phone: 0736225373
[04-Oct-2025 12:06:56 Europe/Berlin] Found driver ID: 4
[04-Oct-2025 12:06:56 Europe/Berlin] Updating driver_locations for driver_id: 4
[04-Oct-2025 12:06:56 Europe/Berlin] Successfully updated driver_locations
[04-Oct-2025 12:06:56 Europe/Berlin] Google Maps: Found 1 vehicles for driver: KDR 645 J
[04-Oct-2025 12:06:56 Europe/Berlin] Google Maps Debug: Total bookings today: 1, With vehicle: 1
[04-Oct-2025 12:06:56 Europe/Berlin] Google Maps: Passenger query executed, found 1 passengers
[04-Oct-2025 12:06:56 Europe/Berlin] Google Maps: Query used - SELECT DISTINCT b.user_id, b.fullname, b.phone, v.number_plate, v.type, b.booking_id FROM bookings b JOIN vehicles v ON b.assigned_vehicle = v.number_plate WHERE b.assigned_vehicle IN (KDR 645 J) AND b.phone IS NOT NULL AND b.phone != '' AND b.user_id IS NOT NULL AND DATE(b.travel_date) = CURDATE()
[04-Oct-2025 12:06:56 Europe/Berlin] Google Maps: Current date for comparison: 2025-10-04
[04-Oct-2025 12:06:56 Europe/Berlin] Google Maps: Total bookings for these vehicles (any date): 1
[04-Oct-2025 12:06:56 Europe/Berlin] Google Maps: Processing passenger: Array
(
    [user_id] => 14
    [passenger_name] => Emanuel Kipruto
    [passenger_phone] => 0795428218
    [number_plate] => KDR 645 J
    [vehicle_type] => Toyota Highroof
    [booking_id] => 30
)

[04-Oct-2025 12:06:56 Europe/Berlin] Google Maps: Link attached to booking 30 for user 14
[04-Oct-2025 12:07:05 Europe/Berlin] Attempting to connect to database: southrift on localhost
[04-Oct-2025 12:07:05 Europe/Berlin] Successfully connected to database: southrift
[04-Oct-2025 12:07:12 Europe/Berlin] Attempting to connect to database: southrift on localhost
[04-Oct-2025 12:07:12 Europe/Berlin] Successfully connected to database: southrift
[04-Oct-2025 12:07:43 Europe/Berlin] Attempting to connect to database: southrift on localhost
[04-Oct-2025 12:07:43 Europe/Berlin] Successfully connected to database: southrift
[04-Oct-2025 12:07:54 Europe/Berlin] Attempting to connect to database: southrift on localhost
[04-Oct-2025 12:07:54 Europe/Berlin] Successfully connected to database: southrift
[04-Oct-2025 12:09:00 Europe/Berlin] Attempting to connect to database: southrift on localhost
[04-Oct-2025 12:09:00 Europe/Berlin] Successfully connected to database: southrift
[04-Oct-2025 12:09:00 Europe/Berlin] Attempting to connect to database: southrift on localhost
[04-Oct-2025 12:09:00 Europe/Berlin] Successfully connected to database: southrift
[04-Oct-2025 12:09:05 Europe/Berlin] Attempting to connect to database: southrift on localhost
[04-Oct-2025 12:09:05 Europe/Berlin] Successfully connected to database: southrift
[04-Oct-2025 12:09:27 Europe/Berlin] Attempting to connect to database: southrift on localhost
[04-Oct-2025 12:09:27 Europe/Berlin] Successfully connected to database: southrift
[04-Oct-2025 12:09:33 Europe/Berlin] Attempting to connect to database: southrift on localhost
[04-Oct-2025 12:09:33 Europe/Berlin] Successfully connected to database: southrift
[04-Oct-2025 12:09:40 Europe/Berlin] Attempting to connect to database: southrift on localhost
[04-Oct-2025 12:09:40 Europe/Berlin] Successfully connected to database: southrift
[04-Oct-2025 12:09:40 Europe/Berlin] Attempting to connect to database: southrift on localhost
[04-Oct-2025 12:09:40 Europe/Berlin] Successfully connected to database: southrift
[04-Oct-2025 12:09:40 Europe/Berlin] Attempting to connect to database: southrift on localhost
[04-Oct-2025 12:09:40 Europe/Berlin] Successfully connected to database: southrift
[04-Oct-2025 12:09:48 Europe/Berlin] Attempting to connect to database: southrift on localhost
[04-Oct-2025 12:09:48 Europe/Berlin] Successfully connected to database: southrift
[04-Oct-2025 12:09:56 Europe/Berlin] Attempting to connect to database: southrift on localhost
[04-Oct-2025 12:09:56 Europe/Berlin] Successfully connected to database: southrift
[04-Oct-2025 12:09:59 Europe/Berlin] Attempting to connect to database: southrift on localhost
[04-Oct-2025 12:09:59 Europe/Berlin] Successfully connected to database: southrift
[04-Oct-2025 12:10:01 Europe/Berlin] Attempting to connect to database: southrift on localhost
[04-Oct-2025 12:10:01 Europe/Berlin] Successfully connected to database: southrift
[04-Oct-2025 12:10:03 Europe/Berlin] Attempting to connect to database: southrift on localhost
[04-Oct-2025 12:10:03 Europe/Berlin] Successfully connected to database: southrift
[04-Oct-2025 12:11:07 Europe/Berlin] Attempting to connect to database: southrift on localhost
[04-Oct-2025 12:11:07 Europe/Berlin] Successfully connected to database: southrift
[04-Oct-2025 12:12:05 Europe/Berlin] Attempting to connect to database: southrift on localhost
[04-Oct-2025 12:12:05 Europe/Berlin] Successfully connected to database: southrift
[04-Oct-2025 12:12:05 Europe/Berlin] Attempting to connect to database: southrift on localhost
[04-Oct-2025 12:12:05 Europe/Berlin] Successfully connected to database: southrift
[04-Oct-2025 12:12:15 Europe/Berlin] Attempting to connect to database: southrift on localhost
[04-Oct-2025 12:12:15 Europe/Berlin] Successfully connected to database: southrift
[04-Oct-2025 12:12:31 Europe/Berlin] Attempting to connect to database: southrift on localhost
[04-Oct-2025 12:12:31 Europe/Berlin] Successfully connected to database: southrift
[04-Oct-2025 12:13:09 Europe/Berlin] Attempting to connect to database: southrift on localhost
[04-Oct-2025 12:13:09 Europe/Berlin] Successfully connected to database: southrift
[04-Oct-2025 12:13:16 Europe/Berlin] Attempting to connect to database: southrift on localhost
[04-Oct-2025 12:13:16 Europe/Berlin] Successfully connected to database: southrift
[04-Oct-2025 12:13:19 Europe/Berlin] Attempting to connect to database: southrift on localhost
[04-Oct-2025 12:13:19 Europe/Berlin] Successfully connected to database: southrift
[04-Oct-2025 12:13:38 Europe/Berlin] Attempting to connect to database: southrift on localhost
[04-Oct-2025 12:13:38 Europe/Berlin] Successfully connected to database: southrift
[04-Oct-2025 12:13:38 Europe/Berlin] Attempting to connect to database: southrift on localhost
[04-Oct-2025 12:13:38 Europe/Berlin] Successfully connected to database: southrift
[04-Oct-2025 12:13:53 Europe/Berlin] Attempting to connect to database: southrift on localhost
[04-Oct-2025 12:13:53 Europe/Berlin] Successfully connected to database: southrift
[04-Oct-2025 12:13:56 Europe/Berlin] Attempting to connect to database: southrift on localhost
[04-Oct-2025 12:13:56 Europe/Berlin] Successfully connected to database: southrift
[04-Oct-2025 12:14:14 Europe/Berlin] Attempting to connect to database: southrift on localhost
[04-Oct-2025 12:14:14 Europe/Berlin] Successfully connected to database: southrift
[04-Oct-2025 12:14:18 Europe/Berlin] Attempting to connect to database: southrift on localhost
[04-Oct-2025 12:14:18 Europe/Berlin] Successfully connected to database: southrift
[04-Oct-2025 12:15:10 Europe/Berlin] Attempting to connect to database: southrift on localhost
[04-Oct-2025 12:15:10 Europe/Berlin] Successfully connected to database: southrift
[04-Oct-2025 12:15:19 Europe/Berlin] Attempting to connect to database: southrift on localhost
[04-Oct-2025 12:15:19 Europe/Berlin] Successfully connected to database: southrift
[04-Oct-2025 12:15:22 Europe/Berlin] Attempting to connect to database: southrift on localhost
[04-Oct-2025 12:15:22 Europe/Berlin] Successfully connected to database: southrift
[04-Oct-2025 12:15:32 Europe/Berlin] Attempting to connect to database: southrift on localhost
[04-Oct-2025 12:15:32 Europe/Berlin] Successfully connected to database: southrift
[04-Oct-2025 12:15:38 Europe/Berlin] Attempting to connect to database: southrift on localhost
[04-Oct-2025 12:15:38 Europe/Berlin] Successfully connected to database: southrift
[04-Oct-2025 12:15:49 Europe/Berlin] Attempting to connect to database: southrift on localhost
[04-Oct-2025 12:15:49 Europe/Berlin] Successfully connected to database: southrift
[04-Oct-2025 12:15:50 Europe/Berlin] Attempting to connect to database: southrift on localhost
[04-Oct-2025 12:15:50 Europe/Berlin] Successfully connected to database: southrift
[04-Oct-2025 12:15:50 Europe/Berlin] Attempting to connect to database: southrift on localhost
[04-Oct-2025 12:15:50 Europe/Berlin] Successfully connected to database: southrift
[04-Oct-2025 12:15:52 Europe/Berlin] Attempting to connect to database: southrift on localhost
[04-Oct-2025 12:15:52 Europe/Berlin] Successfully connected to database: southrift
[04-Oct-2025 12:15:54 Europe/Berlin] Attempting to connect to database: southrift on localhost
[04-Oct-2025 12:15:54 Europe/Berlin] Successfully connected to database: southrift
[04-Oct-2025 12:16:00 Europe/Berlin] Attempting to connect to database: southrift on localhost
[04-Oct-2025 12:16:00 Europe/Berlin] Successfully connected to database: southrift
[04-Oct-2025 12:16:04 Europe/Berlin] Attempting to connect to database: southrift on localhost
[04-Oct-2025 12:16:04 Europe/Berlin] Successfully connected to database: southrift
[04-Oct-2025 12:16:09 Europe/Berlin] Attempting to connect to database: southrift on localhost
[04-Oct-2025 12:16:09 Europe/Berlin] Successfully connected to database: southrift
[04-Oct-2025 12:16:12 Europe/Berlin] Attempting to connect to database: southrift on localhost
[04-Oct-2025 12:16:12 Europe/Berlin] Successfully connected to database: southrift
[04-Oct-2025 12:16:17 Europe/Berlin] Attempting to connect to database: southrift on localhost
[04-Oct-2025 12:16:17 Europe/Berlin] Successfully connected to database: southrift
[04-Oct-2025 12:16:23 Europe/Berlin] Attempting to connect to database: southrift on localhost
[04-Oct-2025 12:16:23 Europe/Berlin] Successfully connected to database: southrift
[04-Oct-2025 12:16:32 Europe/Berlin] Attempting to connect to database: southrift on localhost
[04-Oct-2025 12:16:32 Europe/Berlin] Successfully connected to database: southrift
[04-Oct-2025 12:16:32 Europe/Berlin] Attempting to connect to database: southrift on localhost
[04-Oct-2025 12:16:32 Europe/Berlin] Successfully connected to database: southrift
[04-Oct-2025 12:16:32 Europe/Berlin] Attempting to connect to database: southrift on localhost
[04-Oct-2025 12:16:32 Europe/Berlin] Successfully connected to database: southrift
[04-Oct-2025 12:16:36 Europe/Berlin] Attempting to connect to database: southrift on localhost
[04-Oct-2025 12:16:36 Europe/Berlin] Successfully connected to database: southrift
[04-Oct-2025 12:16:57 Europe/Berlin] Attempting to connect to database: southrift on localhost
[04-Oct-2025 12:16:57 Europe/Berlin] Successfully connected to database: southrift
[04-Oct-2025 12:17:57 Europe/Berlin] Attempting to connect to database: southrift on localhost
[04-Oct-2025 12:17:57 Europe/Berlin] Successfully connected to database: southrift
[04-Oct-2025 12:19:30 Europe/Berlin] Attempting to connect to database: southrift on localhost
[04-Oct-2025 12:19:30 Europe/Berlin] Successfully connected to database: southrift
[04-Oct-2025 12:21:14 Europe/Berlin] Attempting to connect to database: southrift on localhost
[04-Oct-2025 12:21:14 Europe/Berlin] Successfully connected to database: southrift
[04-Oct-2025 12:21:14 Europe/Berlin] Attempting to connect to database: southrift on localhost
[04-Oct-2025 12:21:14 Europe/Berlin] Successfully connected to database: southrift
[04-Oct-2025 12:21:19 Europe/Berlin] Attempting to connect to database: southrift on localhost
[04-Oct-2025 12:21:19 Europe/Berlin] Successfully connected to database: southrift
[04-Oct-2025 12:21:26 Europe/Berlin] Attempting to connect to database: southrift on localhost
[04-Oct-2025 12:21:26 Europe/Berlin] Successfully connected to database: southrift
[04-Oct-2025 12:21:42 Europe/Berlin] Attempting to connect to database: southrift on localhost
[04-Oct-2025 12:21:42 Europe/Berlin] Successfully connected to database: southrift
[04-Oct-2025 12:21:52 Europe/Berlin] Attempting to connect to database: southrift on localhost
[04-Oct-2025 12:21:52 Europe/Berlin] Successfully connected to database: southrift
[04-Oct-2025 12:22:08 Europe/Berlin] Attempting to connect to database: southrift on localhost
[04-Oct-2025 12:22:08 Europe/Berlin] Successfully connected to database: southrift
[04-Oct-2025 12:22:08 Europe/Berlin] Attempting to connect to database: southrift on localhost
[04-Oct-2025 12:22:08 Europe/Berlin] Successfully connected to database: southrift
[04-Oct-2025 12:22:08 Europe/Berlin] Attempting to connect to database: southrift on localhost
[04-Oct-2025 12:22:08 Europe/Berlin] Successfully connected to database: southrift
[04-Oct-2025 12:22:10 Europe/Berlin] Attempting to connect to database: southrift on localhost
[04-Oct-2025 12:22:10 Europe/Berlin] Successfully connected to database: southrift
[04-Oct-2025 12:22:18 Europe/Berlin] Attempting to connect to database: southrift on localhost
[04-Oct-2025 12:22:18 Europe/Berlin] Successfully connected to database: southrift
[04-Oct-2025 12:22:18 Europe/Berlin] Attempting to connect to database: southrift on localhost
[04-Oct-2025 12:22:18 Europe/Berlin] Successfully connected to database: southrift
[04-Oct-2025 12:22:24 Europe/Berlin] Attempting to connect to database: southrift on localhost
[04-Oct-2025 12:22:24 Europe/Berlin] Successfully connected to database: southrift
[04-Oct-2025 12:22:24 Europe/Berlin] Google Maps Share Request: Array
(
    [csrf_token] => 3792a6362b77b01111974225a120db726104b3c03dbdcc87a4cf5b2983620daa
    [google_maps_link] => https://maps.app.goo.gl/JdiAgT34ftK6gsRp9
    [driver_phone] => 0736225373
)

[04-Oct-2025 12:22:24 Europe/Berlin] Session CSRF: 3792a6362b77b01111974225a120db726104b3c03dbdcc87a4cf5b2983620daa
[04-Oct-2025 12:22:24 Europe/Berlin] Posted CSRF: 3792a6362b77b01111974225a120db726104b3c03dbdcc87a4cf5b2983620daa
[04-Oct-2025 12:22:24 Europe/Berlin] CSRF Debug - Posted token: 3792a6362b...
[04-Oct-2025 12:22:24 Europe/Berlin] CSRF Debug - Session token: 3792a6362b...
[04-Oct-2025 12:22:24 Europe/Berlin] Received params - Driver: 0736225373, Link: https://maps.app.goo.gl/JdiAgT34ftK6gsRp9
[04-Oct-2025 12:22:24 Europe/Berlin] Searching for driver with phone: 0736225373
[04-Oct-2025 12:22:24 Europe/Berlin] Found driver ID: 4
[04-Oct-2025 12:22:24 Europe/Berlin] Updating driver_locations for driver_id: 4
[04-Oct-2025 12:22:24 Europe/Berlin] Successfully updated driver_locations
[04-Oct-2025 12:22:24 Europe/Berlin] Google Maps: Found 1 vehicles for driver: KDR 645 J
[04-Oct-2025 12:22:24 Europe/Berlin] Google Maps Debug: Total bookings today: 3, With vehicle: 3
[04-Oct-2025 12:22:24 Europe/Berlin] Google Maps: Passenger query executed, found 3 passengers
[04-Oct-2025 12:22:24 Europe/Berlin] Google Maps: Query used - SELECT DISTINCT b.user_id, b.fullname, b.phone, v.number_plate, v.type, b.booking_id FROM bookings b JOIN vehicles v ON b.assigned_vehicle = v.number_plate WHERE b.assigned_vehicle IN (KDR 645 J) AND b.phone IS NOT NULL AND b.phone != '' AND b.user_id IS NOT NULL AND DATE(b.travel_date) = CURDATE()
[04-Oct-2025 12:22:24 Europe/Berlin] Google Maps: Current date for comparison: 2025-10-04
[04-Oct-2025 12:22:24 Europe/Berlin] Google Maps: Total bookings for these vehicles (any date): 3
[04-Oct-2025 12:22:24 Europe/Berlin] Google Maps: Processing passenger: Array
(
    [user_id] => 14
    [passenger_name] => Emanuel Kipruto
    [passenger_phone] => 0795428218
    [number_plate] => KDR 645 J
    [vehicle_type] => Toyota Highroof
    [booking_id] => 30
)

[04-Oct-2025 12:22:24 Europe/Berlin] Google Maps: Link attached to booking 30 for user 14
[04-Oct-2025 12:22:24 Europe/Berlin] Google Maps: Processing passenger: Array
(
    [user_id] => 15
    [passenger_name] => Miriam Chebet
    [passenger_phone] => 0759268221
    [number_plate] => KDR 645 J
    [vehicle_type] => Toyota Highroof
    [booking_id] => 32
)

[04-Oct-2025 12:22:24 Europe/Berlin] Google Maps: Link attached to booking 32 for user 15
[04-Oct-2025 12:22:24 Europe/Berlin] Google Maps: Processing passenger: Array
(
    [user_id] => 16
    [passenger_name] => passenger 12
    [passenger_phone] => 0709876544
    [number_plate] => KDR 645 J
    [vehicle_type] => Toyota Highroof
    [booking_id] => 33
)

[04-Oct-2025 12:22:24 Europe/Berlin] Google Maps: Link attached to booking 33 for user 16
[04-Oct-2025 12:22:39 Europe/Berlin] Attempting to connect to database: southrift on localhost
[04-Oct-2025 12:22:39 Europe/Berlin] Successfully connected to database: southrift
[04-Oct-2025 12:22:48 Europe/Berlin] Attempting to connect to database: southrift on localhost
[04-Oct-2025 12:22:48 Europe/Berlin] Successfully connected to database: southrift
[04-Oct-2025 12:23:08 Europe/Berlin] Attempting to connect to database: southrift on localhost
[04-Oct-2025 12:23:08 Europe/Berlin] Successfully connected to database: southrift
[04-Oct-2025 12:23:14 Europe/Berlin] Attempting to connect to database: southrift on localhost
[04-Oct-2025 12:23:14 Europe/Berlin] Successfully connected to database: southrift
[04-Oct-2025 12:23:16 Europe/Berlin] Attempting to connect to database: southrift on localhost
[04-Oct-2025 12:23:16 Europe/Berlin] Successfully connected to database: southrift
[04-Oct-2025 12:23:18 Europe/Berlin] Attempting to connect to database: southrift on localhost
[04-Oct-2025 12:23:18 Europe/Berlin] Successfully connected to database: southrift
[04-Oct-2025 12:23:19 Europe/Berlin] Attempting to connect to database: southrift on localhost
[04-Oct-2025 12:23:19 Europe/Berlin] Successfully connected to database: southrift
[04-Oct-2025 12:23:24 Europe/Berlin] Attempting to connect to database: southrift on localhost
[04-Oct-2025 12:23:24 Europe/Berlin] Successfully connected to database: southrift
[04-Oct-2025 12:23:31 Europe/Berlin] Attempting to connect to database: southrift on localhost
[04-Oct-2025 12:23:31 Europe/Berlin] Successfully connected to database: southrift
[04-Oct-2025 12:23:34 Europe/Berlin] Attempting to connect to database: southrift on localhost
[04-Oct-2025 12:23:34 Europe/Berlin] Successfully connected to database: southrift
[04-Oct-2025 12:23:49 Europe/Berlin] Attempting to connect to database: southrift on localhost
[04-Oct-2025 12:23:49 Europe/Berlin] Successfully connected to database: southrift
[04-Oct-2025 12:23:50 Europe/Berlin] Attempting to connect to database: southrift on localhost
[04-Oct-2025 12:23:50 Europe/Berlin] Successfully connected to database: southrift
[04-Oct-2025 12:24:04 Europe/Berlin] Attempting to connect to database: southrift on localhost
[04-Oct-2025 12:24:04 Europe/Berlin] Successfully connected to database: southrift
[04-Oct-2025 12:24:18 Europe/Berlin] Attempting to connect to database: southrift on localhost
[04-Oct-2025 12:24:18 Europe/Berlin] Successfully connected to database: southrift
[04-Oct-2025 12:24:18 Europe/Berlin] Attempting to connect to database: southrift on localhost
[04-Oct-2025 12:24:18 Europe/Berlin] Successfully connected to database: southrift
[04-Oct-2025 12:24:20 Europe/Berlin] Attempting to connect to database: southrift on localhost
[04-Oct-2025 12:24:20 Europe/Berlin] Successfully connected to database: southrift
[04-Oct-2025 12:24:20 Europe/Berlin] Attempting to connect to database: southrift on localhost
[04-Oct-2025 12:24:20 Europe/Berlin] Successfully connected to database: southrift
[04-Oct-2025 12:24:37 Europe/Berlin] Attempting to connect to database: southrift on localhost
[04-Oct-2025 12:24:37 Europe/Berlin] Successfully connected to database: southrift
[04-Oct-2025 12:24:42 Europe/Berlin] Attempting to connect to database: southrift on localhost
[04-Oct-2025 12:24:42 Europe/Berlin] Successfully connected to database: southrift
[04-Oct-2025 12:24:45 Europe/Berlin] Attempting to connect to database: southrift on localhost
[04-Oct-2025 12:24:45 Europe/Berlin] Successfully connected to database: southrift
[04-Oct-2025 12:24:47 Europe/Berlin] Attempting to connect to database: southrift on localhost
[04-Oct-2025 12:24:47 Europe/Berlin] Successfully connected to database: southrift
[04-Oct-2025 12:24:50 Europe/Berlin] Attempting to connect to database: southrift on localhost
[04-Oct-2025 12:24:50 Europe/Berlin] Successfully connected to database: southrift
[04-Oct-2025 12:35:47 Europe/Berlin] Attempting to connect to database: southrift on localhost
[04-Oct-2025 12:35:47 Europe/Berlin] Successfully connected to database: southrift
[04-Oct-2025 12:35:49 Europe/Berlin] Attempting to connect to database: southrift on localhost
[04-Oct-2025 12:35:49 Europe/Berlin] Successfully connected to database: southrift
[04-Oct-2025 12:35:51 Europe/Berlin] Attempting to connect to database: southrift on localhost
[04-Oct-2025 12:35:51 Europe/Berlin] Successfully connected to database: southrift
[04-Oct-2025 12:35:54 Europe/Berlin] Attempting to connect to database: southrift on localhost
[04-Oct-2025 12:35:54 Europe/Berlin] Successfully connected to database: southrift
[04-Oct-2025 12:39:39 Europe/Berlin] Attempting to connect to database: southrift on localhost
[04-Oct-2025 12:39:39 Europe/Berlin] Successfully connected to database: southrift
[04-Oct-2025 12:39:39 Europe/Berlin] Attempting to connect to database: southrift on localhost
[04-Oct-2025 12:39:39 Europe/Berlin] Successfully connected to database: southrift
[04-Oct-2025 12:39:43 Europe/Berlin] Attempting to connect to database: southrift on localhost
[04-Oct-2025 12:39:43 Europe/Berlin] Successfully connected to database: southrift
[04-Oct-2025 12:39:49 Europe/Berlin] Attempting to connect to database: southrift on localhost
[04-Oct-2025 12:39:49 Europe/Berlin] Successfully connected to database: southrift
[04-Oct-2025 12:39:52 Europe/Berlin] Attempting to connect to database: southrift on localhost
[04-Oct-2025 12:39:52 Europe/Berlin] Successfully connected to database: southrift
[04-Oct-2025 12:39:52 Europe/Berlin] Attempting to connect to database: southrift on localhost
[04-Oct-2025 12:39:52 Europe/Berlin] Successfully connected to database: southrift
[04-Oct-2025 12:39:56 Europe/Berlin] Attempting to connect to database: southrift on localhost
[04-Oct-2025 12:39:56 Europe/Berlin] Successfully connected to database: southrift
[04-Oct-2025 12:39:58 Europe/Berlin] Attempting to connect to database: southrift on localhost
[04-Oct-2025 12:39:58 Europe/Berlin] Successfully connected to database: southrift
[04-Oct-2025 12:40:03 Europe/Berlin] Attempting to connect to database: southrift on localhost
[04-Oct-2025 12:40:03 Europe/Berlin] Successfully connected to database: southrift
[04-Oct-2025 12:40:13 Europe/Berlin] Attempting to connect to database: southrift on localhost
[04-Oct-2025 12:40:13 Europe/Berlin] Successfully connected to database: southrift
[04-Oct-2025 12:40:18 Europe/Berlin] Attempting to connect to database: southrift on localhost
[04-Oct-2025 12:40:18 Europe/Berlin] Successfully connected to database: southrift
[04-Oct-2025 12:40:21 Europe/Berlin] Attempting to connect to database: southrift on localhost
[04-Oct-2025 12:40:21 Europe/Berlin] Successfully connected to database: southrift
[04-Oct-2025 12:40:23 Europe/Berlin] Attempting to connect to database: southrift on localhost
[04-Oct-2025 12:40:23 Europe/Berlin] Successfully connected to database: southrift
[04-Oct-2025 12:40:33 Europe/Berlin] Attempting to connect to database: southrift on localhost
[04-Oct-2025 12:40:33 Europe/Berlin] Successfully connected to database: southrift
[04-Oct-2025 12:41:16 Europe/Berlin] Attempting to connect to database: southrift on localhost
[04-Oct-2025 12:41:16 Europe/Berlin] Successfully connected to database: southrift
[04-Oct-2025 12:41:33 Europe/Berlin] Attempting to connect to database: southrift on localhost
[04-Oct-2025 12:41:33 Europe/Berlin] Successfully connected to database: southrift
[04-Oct-2025 12:41:33 Europe/Berlin] Attempting to connect to database: southrift on localhost
[04-Oct-2025 12:41:33 Europe/Berlin] Successfully connected to database: southrift
[04-Oct-2025 12:41:33 Europe/Berlin] Attempting to connect to database: southrift on localhost
[04-Oct-2025 12:41:33 Europe/Berlin] Successfully connected to database: southrift
[04-Oct-2025 12:41:35 Europe/Berlin] Attempting to connect to database: southrift on localhost
[04-Oct-2025 12:41:35 Europe/Berlin] Successfully connected to database: southrift
[04-Oct-2025 12:41:37 Europe/Berlin] Attempting to connect to database: southrift on localhost
[04-Oct-2025 12:41:37 Europe/Berlin] Successfully connected to database: southrift
[04-Oct-2025 12:41:41 Europe/Berlin] Attempting to connect to database: southrift on localhost
[04-Oct-2025 12:41:41 Europe/Berlin] Successfully connected to database: southrift
[04-Oct-2025 12:41:45 Europe/Berlin] Attempting to connect to database: southrift on localhost
[04-Oct-2025 12:41:45 Europe/Berlin] Successfully connected to database: southrift
[04-Oct-2025 12:41:45 Europe/Berlin] Attempting to connect to database: southrift on localhost
[04-Oct-2025 12:41:45 Europe/Berlin] Successfully connected to database: southrift
[04-Oct-2025 12:41:47 Europe/Berlin] Attempting to connect to database: southrift on localhost
[04-Oct-2025 12:41:47 Europe/Berlin] Successfully connected to database: southrift
[04-Oct-2025 12:41:49 Europe/Berlin] Attempting to connect to database: southrift on localhost
[04-Oct-2025 12:41:49 Europe/Berlin] Successfully connected to database: southrift
[04-Oct-2025 12:42:01 Europe/Berlin] Attempting to connect to database: southrift on localhost
[04-Oct-2025 12:42:01 Europe/Berlin] Successfully connected to database: southrift
[04-Oct-2025 12:42:01 Europe/Berlin] Attempting to connect to database: southrift on localhost
[04-Oct-2025 12:42:01 Europe/Berlin] Successfully connected to database: southrift
[04-Oct-2025 12:42:05 Europe/Berlin] Attempting to connect to database: southrift on localhost
[04-Oct-2025 12:42:05 Europe/Berlin] Successfully connected to database: southrift
[04-Oct-2025 12:42:17 Europe/Berlin] Attempting to connect to database: southrift on localhost
[04-Oct-2025 12:42:17 Europe/Berlin] Successfully connected to database: southrift
[04-Oct-2025 12:42:17 Europe/Berlin] Attempting to connect to database: southrift on localhost
[04-Oct-2025 12:42:17 Europe/Berlin] Successfully connected to database: southrift
[04-Oct-2025 12:42:17 Europe/Berlin] Attempting to connect to database: southrift on localhost
[04-Oct-2025 12:42:17 Europe/Berlin] Successfully connected to database: southrift
[04-Oct-2025 12:42:22 Europe/Berlin] Attempting to connect to database: southrift on localhost
[04-Oct-2025 12:42:22 Europe/Berlin] Successfully connected to database: southrift
[04-Oct-2025 12:54:26 Europe/Berlin] Attempting to connect to database: southrift on localhost
[04-Oct-2025 12:54:26 Europe/Berlin] Successfully connected to database: southrift
[04-Oct-2025 13:13:49 Europe/Berlin] Attempting to connect to database: southrift on localhost
[04-Oct-2025 13:13:49 Europe/Berlin] Successfully connected to database: southrift
[04-Oct-2025 13:13:51 Europe/Berlin] Attempting to connect to database: southrift on localhost
[04-Oct-2025 13:13:51 Europe/Berlin] Successfully connected to database: southrift
[04-Oct-2025 13:13:53 Europe/Berlin] Attempting to connect to database: southrift on localhost
[04-Oct-2025 13:13:53 Europe/Berlin] Successfully connected to database: southrift
[04-Oct-2025 13:15:21 Europe/Berlin] Attempting to connect to database: southrift on localhost
[04-Oct-2025 13:15:21 Europe/Berlin] Successfully connected to database: southrift
[04-Oct-2025 13:15:31 Europe/Berlin] Attempting to connect to database: southrift on localhost
[04-Oct-2025 13:15:31 Europe/Berlin] Successfully connected to database: southrift
[04-Oct-2025 13:15:31 Europe/Berlin] Attempting to connect to database: southrift on localhost
[04-Oct-2025 13:15:31 Europe/Berlin] Successfully connected to database: southrift
[04-Oct-2025 13:15:35 Europe/Berlin] Attempting to connect to database: southrift on localhost
[04-Oct-2025 13:15:35 Europe/Berlin] Successfully connected to database: southrift
[04-Oct-2025 13:15:40 Europe/Berlin] Attempting to connect to database: southrift on localhost
[04-Oct-2025 13:15:40 Europe/Berlin] Successfully connected to database: southrift
[04-Oct-2025 13:15:54 Europe/Berlin] Attempting to connect to database: southrift on localhost
[04-Oct-2025 13:15:54 Europe/Berlin] Successfully connected to database: southrift
[04-Oct-2025 13:15:54 Europe/Berlin] Attempting to connect to database: southrift on localhost
[04-Oct-2025 13:15:54 Europe/Berlin] Successfully connected to database: southrift
[04-Oct-2025 13:15:54 Europe/Berlin] Attempting to connect to database: southrift on localhost
[04-Oct-2025 13:15:54 Europe/Berlin] Successfully connected to database: southrift
[04-Oct-2025 13:15:56 Europe/Berlin] Attempting to connect to database: southrift on localhost
[04-Oct-2025 13:15:56 Europe/Berlin] Successfully connected to database: southrift
[04-Oct-2025 13:16:20 Europe/Berlin] Attempting to connect to database: southrift on localhost
[04-Oct-2025 13:16:20 Europe/Berlin] Successfully connected to database: southrift
[04-Oct-2025 13:16:20 Europe/Berlin] Attempting to connect to database: southrift on localhost
[04-Oct-2025 13:16:20 Europe/Berlin] Successfully connected to database: southrift
[04-Oct-2025 13:16:24 Europe/Berlin] Attempting to connect to database: southrift on localhost
[04-Oct-2025 13:16:24 Europe/Berlin] Successfully connected to database: southrift
[04-Oct-2025 13:16:24 Europe/Berlin] Google Maps Share Request: Array
(
    [csrf_token] => 25429a220ec296957d757a8f06df568f1e857ccf3b7eac3eea41971095754bcd
    [google_maps_link] => https://maps.app.goo.gl/tyJq85oTmKRXh7x1A
    [driver_phone] => 0798365350
)

[04-Oct-2025 13:16:24 Europe/Berlin] Session CSRF: 25429a220ec296957d757a8f06df568f1e857ccf3b7eac3eea41971095754bcd
[04-Oct-2025 13:16:24 Europe/Berlin] Posted CSRF: 25429a220ec296957d757a8f06df568f1e857ccf3b7eac3eea41971095754bcd
[04-Oct-2025 13:16:24 Europe/Berlin] CSRF Debug - Posted token: 25429a220e...
[04-Oct-2025 13:16:24 Europe/Berlin] CSRF Debug - Session token: 25429a220e...
[04-Oct-2025 13:16:24 Europe/Berlin] Received params - Driver: 0798365350, Link: https://maps.app.goo.gl/tyJq85oTmKRXh7x1A
[04-Oct-2025 13:16:24 Europe/Berlin] Searching for driver with phone: 0798365350
[04-Oct-2025 13:16:24 Europe/Berlin] Found driver ID: 3
[04-Oct-2025 13:16:24 Europe/Berlin] Updating driver_locations for driver_id: 3
[04-Oct-2025 13:16:24 Europe/Berlin] Successfully updated driver_locations
[04-Oct-2025 13:16:24 Europe/Berlin] Google Maps: Found 1 vehicles for driver: KDM 678 J
[04-Oct-2025 13:16:24 Europe/Berlin] Google Maps Debug: Total bookings today: 4, With vehicle: 4
[04-Oct-2025 13:16:24 Europe/Berlin] Google Maps: Passenger query executed, found 1 passengers
[04-Oct-2025 13:16:24 Europe/Berlin] Google Maps: Query used - SELECT DISTINCT b.user_id, b.fullname, b.phone, v.number_plate, v.type, b.booking_id FROM bookings b JOIN vehicles v ON b.assigned_vehicle = v.number_plate WHERE b.assigned_vehicle IN (KDM 678 J) AND b.phone IS NOT NULL AND b.phone != '' AND b.user_id IS NOT NULL AND DATE(b.travel_date) = CURDATE()
[04-Oct-2025 13:16:24 Europe/Berlin] Google Maps: Current date for comparison: 2025-10-04
[04-Oct-2025 13:16:24 Europe/Berlin] Google Maps: Total bookings for these vehicles (any date): 2
[04-Oct-2025 13:16:24 Europe/Berlin] Google Maps: Processing passenger: Array
(
    [user_id] => 14
    [passenger_name] => Kariuki Bett
    [passenger_phone] => 0789655643
    [number_plate] => KDM 678 J
    [vehicle_type] => Toyota Highroof
    [booking_id] => 34
)

[04-Oct-2025 13:16:24 Europe/Berlin] Google Maps: Link attached to booking 34 for user 14
[04-Oct-2025 13:16:36 Europe/Berlin] Attempting to connect to database: southrift on localhost
[04-Oct-2025 13:16:36 Europe/Berlin] Successfully connected to database: southrift
[04-Oct-2025 13:16:43 Europe/Berlin] Attempting to connect to database: southrift on localhost
[04-Oct-2025 13:16:43 Europe/Berlin] Successfully connected to database: southrift
[04-Oct-2025 13:16:46 Europe/Berlin] Attempting to connect to database: southrift on localhost
[04-Oct-2025 13:16:46 Europe/Berlin] Successfully connected to database: southrift
[04-Oct-2025 13:17:14 Europe/Berlin] Attempting to connect to database: southrift on localhost
[04-Oct-2025 13:17:14 Europe/Berlin] Successfully connected to database: southrift
[04-Oct-2025 13:17:20 Europe/Berlin] Attempting to connect to database: southrift on localhost
[04-Oct-2025 13:17:20 Europe/Berlin] Successfully connected to database: southrift
[04-Oct-2025 13:17:51 Europe/Berlin] Attempting to connect to database: southrift on localhost
[04-Oct-2025 13:17:51 Europe/Berlin] Successfully connected to database: southrift
[04-Oct-2025 13:18:22 Europe/Berlin] Attempting to connect to database: southrift on localhost
[04-Oct-2025 13:18:22 Europe/Berlin] Successfully connected to database: southrift
[04-Oct-2025 13:18:32 Europe/Berlin] Attempting to connect to database: southrift on localhost
[04-Oct-2025 13:18:32 Europe/Berlin] Successfully connected to database: southrift
[04-Oct-2025 13:18:32 Europe/Berlin] Attempting to connect to database: southrift on localhost
[04-Oct-2025 13:18:32 Europe/Berlin] Successfully connected to database: southrift
[04-Oct-2025 13:18:32 Europe/Berlin] Attempting to connect to database: southrift on localhost
[04-Oct-2025 13:18:32 Europe/Berlin] Successfully connected to database: southrift
[04-Oct-2025 13:18:38 Europe/Berlin] Attempting to connect to database: southrift on localhost
[04-Oct-2025 13:18:38 Europe/Berlin] Successfully connected to database: southrift
[04-Oct-2025 13:18:38 Europe/Berlin] Google Maps Share Request: Array
(
    [csrf_token] => 7ff027e789704dd15a3c1d8d7f3f78d3d2351ef9251243a662f650c87507b238
    [google_maps_link] => https://maps.app.goo.gl/rsScjF6De3NgND3P7
    [driver_phone] => 0798365350
)

[04-Oct-2025 13:18:38 Europe/Berlin] Session CSRF: 7ff027e789704dd15a3c1d8d7f3f78d3d2351ef9251243a662f650c87507b238
[04-Oct-2025 13:18:38 Europe/Berlin] Posted CSRF: 7ff027e789704dd15a3c1d8d7f3f78d3d2351ef9251243a662f650c87507b238
[04-Oct-2025 13:18:38 Europe/Berlin] CSRF Debug - Posted token: 7ff027e789...
[04-Oct-2025 13:18:38 Europe/Berlin] CSRF Debug - Session token: 7ff027e789...
[04-Oct-2025 13:18:38 Europe/Berlin] Received params - Driver: 0798365350, Link: https://maps.app.goo.gl/rsScjF6De3NgND3P7
[04-Oct-2025 13:18:38 Europe/Berlin] Searching for driver with phone: 0798365350
[04-Oct-2025 13:18:38 Europe/Berlin] Found driver ID: 3
[04-Oct-2025 13:18:38 Europe/Berlin] Updating driver_locations for driver_id: 3
[04-Oct-2025 13:18:38 Europe/Berlin] Successfully updated driver_locations
[04-Oct-2025 13:18:38 Europe/Berlin] Google Maps: Found 1 vehicles for driver: KDM 678 J
[04-Oct-2025 13:18:38 Europe/Berlin] Google Maps Debug: Total bookings today: 4, With vehicle: 4
[04-Oct-2025 13:18:38 Europe/Berlin] Google Maps: Passenger query executed, found 1 passengers
[04-Oct-2025 13:18:38 Europe/Berlin] Google Maps: Query used - SELECT DISTINCT b.user_id, b.fullname, b.phone, v.number_plate, v.type, b.booking_id FROM bookings b JOIN vehicles v ON b.assigned_vehicle = v.number_plate WHERE b.assigned_vehicle IN (KDM 678 J) AND b.phone IS NOT NULL AND b.phone != '' AND b.user_id IS NOT NULL AND DATE(b.travel_date) = CURDATE()
[04-Oct-2025 13:18:38 Europe/Berlin] Google Maps: Current date for comparison: 2025-10-04
[04-Oct-2025 13:18:38 Europe/Berlin] Google Maps: Total bookings for these vehicles (any date): 2
[04-Oct-2025 13:18:38 Europe/Berlin] Google Maps: Processing passenger: Array
(
    [user_id] => 14
    [passenger_name] => Kariuki Bett
    [passenger_phone] => 0789655643
    [number_plate] => KDM 678 J
    [vehicle_type] => Toyota Highroof
    [booking_id] => 34
)

[04-Oct-2025 13:18:38 Europe/Berlin] Google Maps: Link attached to booking 34 for user 14
[04-Oct-2025 13:18:44 Europe/Berlin] Attempting to connect to database: southrift on localhost
[04-Oct-2025 13:18:44 Europe/Berlin] Successfully connected to database: southrift
[04-Oct-2025 13:18:44 Europe/Berlin] PHP Warning:  Undefined variable $google_maps_link in C:\xampp\htdocs\Southrift Services\track_my_driver.php on line 650
[04-Oct-2025 13:18:45 Europe/Berlin] Attempting to connect to database: southrift on localhost
[04-Oct-2025 13:18:45 Europe/Berlin] Successfully connected to database: southrift
[04-Oct-2025 13:18:45 Europe/Berlin] PHP Warning:  Undefined variable $google_maps_link in C:\xampp\htdocs\Southrift Services\track_my_driver.php on line 650
[04-Oct-2025 13:18:50 Europe/Berlin] Attempting to connect to database: southrift on localhost
[04-Oct-2025 13:18:50 Europe/Berlin] Successfully connected to database: southrift
[04-Oct-2025 13:18:55 Europe/Berlin] Attempting to connect to database: southrift on localhost
[04-Oct-2025 13:18:55 Europe/Berlin] Successfully connected to database: southrift
[04-Oct-2025 13:19:25 Europe/Berlin] Attempting to connect to database: southrift on localhost
[04-Oct-2025 13:19:25 Europe/Berlin] Successfully connected to database: southrift
[04-Oct-2025 13:19:56 Europe/Berlin] Attempting to connect to database: southrift on localhost
[04-Oct-2025 13:19:56 Europe/Berlin] Successfully connected to database: southrift
[04-Oct-2025 13:20:27 Europe/Berlin] Attempting to connect to database: southrift on localhost
[04-Oct-2025 13:20:27 Europe/Berlin] Successfully connected to database: southrift
[04-Oct-2025 13:20:58 Europe/Berlin] Attempting to connect to database: southrift on localhost
[04-Oct-2025 13:20:58 Europe/Berlin] Successfully connected to database: southrift
[04-Oct-2025 13:21:29 Europe/Berlin] Attempting to connect to database: southrift on localhost
[04-Oct-2025 13:21:29 Europe/Berlin] Successfully connected to database: southrift
[04-Oct-2025 13:22:00 Europe/Berlin] Attempting to connect to database: southrift on localhost
[04-Oct-2025 13:22:00 Europe/Berlin] Successfully connected to database: southrift
[04-Oct-2025 13:22:31 Europe/Berlin] Attempting to connect to database: southrift on localhost
[04-Oct-2025 13:22:31 Europe/Berlin] Successfully connected to database: southrift
[04-Oct-2025 13:22:57 Europe/Berlin] Attempting to connect to database: southrift on localhost
[04-Oct-2025 13:22:57 Europe/Berlin] Successfully connected to database: southrift
[04-Oct-2025 13:22:59 Europe/Berlin] Attempting to connect to database: southrift on localhost
[04-Oct-2025 13:22:59 Europe/Berlin] Successfully connected to database: southrift
[04-Oct-2025 13:23:30 Europe/Berlin] Attempting to connect to database: southrift on localhost
[04-Oct-2025 13:23:30 Europe/Berlin] Successfully connected to database: southrift
[04-Oct-2025 13:24:01 Europe/Berlin] Attempting to connect to database: southrift on localhost
[04-Oct-2025 13:24:01 Europe/Berlin] Successfully connected to database: southrift
[04-Oct-2025 13:24:32 Europe/Berlin] Attempting to connect to database: southrift on localhost
[04-Oct-2025 13:24:32 Europe/Berlin] Successfully connected to database: southrift
[04-Oct-2025 13:25:03 Europe/Berlin] Attempting to connect to database: southrift on localhost
[04-Oct-2025 13:25:03 Europe/Berlin] Successfully connected to database: southrift
[04-Oct-2025 13:25:34 Europe/Berlin] Attempting to connect to database: southrift on localhost
[04-Oct-2025 13:25:34 Europe/Berlin] Successfully connected to database: southrift
[04-Oct-2025 13:26:05 Europe/Berlin] Attempting to connect to database: southrift on localhost
[04-Oct-2025 13:26:05 Europe/Berlin] Successfully connected to database: southrift
[04-Oct-2025 13:26:36 Europe/Berlin] Attempting to connect to database: southrift on localhost
[04-Oct-2025 13:26:36 Europe/Berlin] Successfully connected to database: southrift
[04-Oct-2025 13:27:07 Europe/Berlin] Attempting to connect to database: southrift on localhost
[04-Oct-2025 13:27:07 Europe/Berlin] Successfully connected to database: southrift
[04-Oct-2025 13:27:38 Europe/Berlin] Attempting to connect to database: southrift on localhost
[04-Oct-2025 13:27:38 Europe/Berlin] Successfully connected to database: southrift
[04-Oct-2025 13:28:09 Europe/Berlin] Attempting to connect to database: southrift on localhost
[04-Oct-2025 13:28:09 Europe/Berlin] Successfully connected to database: southrift
[04-Oct-2025 13:28:40 Europe/Berlin] Attempting to connect to database: southrift on localhost
[04-Oct-2025 13:28:40 Europe/Berlin] Successfully connected to database: southrift
[04-Oct-2025 13:29:11 Europe/Berlin] Attempting to connect to database: southrift on localhost
[04-Oct-2025 13:29:11 Europe/Berlin] Successfully connected to database: southrift
[04-Oct-2025 13:29:42 Europe/Berlin] Attempting to connect to database: southrift on localhost
[04-Oct-2025 13:29:42 Europe/Berlin] Successfully connected to database: southrift
[04-Oct-2025 13:30:13 Europe/Berlin] Attempting to connect to database: southrift on localhost
[04-Oct-2025 13:30:13 Europe/Berlin] Successfully connected to database: southrift
[04-Oct-2025 13:30:44 Europe/Berlin] Attempting to connect to database: southrift on localhost
[04-Oct-2025 13:30:44 Europe/Berlin] Successfully connected to database: southrift
[04-Oct-2025 13:31:15 Europe/Berlin] Attempting to connect to database: southrift on localhost
[04-Oct-2025 13:31:15 Europe/Berlin] Successfully connected to database: southrift
[04-Oct-2025 13:31:46 Europe/Berlin] Attempting to connect to database: southrift on localhost
[04-Oct-2025 13:31:46 Europe/Berlin] Successfully connected to database: southrift
[04-Oct-2025 13:32:17 Europe/Berlin] Attempting to connect to database: southrift on localhost
[04-Oct-2025 13:32:17 Europe/Berlin] Successfully connected to database: southrift
[04-Oct-2025 13:32:48 Europe/Berlin] Attempting to connect to database: southrift on localhost
[04-Oct-2025 13:32:48 Europe/Berlin] Successfully connected to database: southrift
[04-Oct-2025 13:33:19 Europe/Berlin] Attempting to connect to database: southrift on localhost
[04-Oct-2025 13:33:19 Europe/Berlin] Successfully connected to database: southrift
[04-Oct-2025 16:26:16 Europe/Berlin] Attempting to connect to database: southrift on localhost
[04-Oct-2025 16:26:16 Europe/Berlin] Successfully connected to database: southrift
[04-Oct-2025 16:26:16 Europe/Berlin] Attempting to connect to database: southrift on localhost
[04-Oct-2025 16:26:16 Europe/Berlin] Successfully connected to database: southrift
[06-Oct-2025 14:20:22 Europe/Berlin] Attempting to connect to database: southrift on localhost
[06-Oct-2025 14:20:22 Europe/Berlin] Successfully connected to database: southrift
[06-Oct-2025 14:46:00 Europe/Berlin] Attempting to connect to database: southrift on localhost
[06-Oct-2025 14:46:00 Europe/Berlin] Successfully connected to database: southrift
[06-Oct-2025 15:06:57 Europe/Berlin] Attempting to connect to database: southrift on localhost
[06-Oct-2025 15:06:57 Europe/Berlin] Successfully connected to database: southrift
[06-Oct-2025 15:06:57 Europe/Berlin] Attempting to connect to database: southrift on localhost
[06-Oct-2025 15:06:57 Europe/Berlin] Successfully connected to database: southrift
[06-Oct-2025 15:06:57 Europe/Berlin] Attempting to connect to database: southrift on localhost
[06-Oct-2025 15:06:57 Europe/Berlin] Successfully connected to database: southrift
[06-Oct-2025 15:07:15 Europe/Berlin] Attempting to connect to database: southrift on localhost
[06-Oct-2025 15:07:15 Europe/Berlin] Successfully connected to database: southrift
[06-Oct-2025 15:07:15 Europe/Berlin] Attempting to connect to database: southrift on localhost
[06-Oct-2025 15:07:15 Europe/Berlin] Successfully connected to database: southrift
[06-Oct-2025 15:07:21 Europe/Berlin] Attempting to connect to database: southrift on localhost
[06-Oct-2025 15:07:21 Europe/Berlin] Successfully connected to database: southrift
[06-Oct-2025 15:07:21 Europe/Berlin] Attempting to connect to database: southrift on localhost
[06-Oct-2025 15:07:21 Europe/Berlin] Successfully connected to database: southrift
[06-Oct-2025 15:07:24 Europe/Berlin] Attempting to connect to database: southrift on localhost
[06-Oct-2025 15:07:24 Europe/Berlin] Successfully connected to database: southrift
[06-Oct-2025 15:07:24 Europe/Berlin] Attempting to connect to database: southrift on localhost
[06-Oct-2025 15:07:24 Europe/Berlin] Successfully connected to database: southrift
[06-Oct-2025 15:07:28 Europe/Berlin] Attempting to connect to database: southrift on localhost
[06-Oct-2025 15:07:28 Europe/Berlin] Successfully connected to database: southrift
[06-Oct-2025 15:07:28 Europe/Berlin] Attempting to connect to database: southrift on localhost
[06-Oct-2025 15:07:28 Europe/Berlin] Successfully connected to database: southrift
[06-Oct-2025 15:07:34 Europe/Berlin] Attempting to connect to database: southrift on localhost
[06-Oct-2025 15:07:34 Europe/Berlin] Successfully connected to database: southrift
[06-Oct-2025 15:07:34 Europe/Berlin] Attempting to connect to database: southrift on localhost
[06-Oct-2025 15:07:34 Europe/Berlin] Successfully connected to database: southrift
[06-Oct-2025 15:08:11 Europe/Berlin] Attempting to connect to database: southrift on localhost
[06-Oct-2025 15:08:11 Europe/Berlin] Successfully connected to database: southrift
[06-Oct-2025 15:08:48 Europe/Berlin] Attempting to connect to database: southrift on localhost
[06-Oct-2025 15:08:48 Europe/Berlin] Successfully connected to database: southrift
[06-Oct-2025 15:08:48 Europe/Berlin] Attempting to connect to database: southrift on localhost
[06-Oct-2025 15:08:48 Europe/Berlin] Successfully connected to database: southrift
[06-Oct-2025 15:08:48 Europe/Berlin] Attempting to connect to database: southrift on localhost
[06-Oct-2025 15:08:48 Europe/Berlin] Successfully connected to database: southrift
[06-Oct-2025 15:08:54 Europe/Berlin] Attempting to connect to database: southrift on localhost
[06-Oct-2025 15:08:54 Europe/Berlin] Successfully connected to database: southrift
[06-Oct-2025 15:08:54 Europe/Berlin] Attempting to connect to database: southrift on localhost
[06-Oct-2025 15:08:54 Europe/Berlin] Successfully connected to database: southrift
[06-Oct-2025 15:08:57 Europe/Berlin] Attempting to connect to database: southrift on localhost
[06-Oct-2025 15:08:57 Europe/Berlin] Successfully connected to database: southrift
[06-Oct-2025 15:08:57 Europe/Berlin] Attempting to connect to database: southrift on localhost
[06-Oct-2025 15:08:57 Europe/Berlin] Successfully connected to database: southrift
[06-Oct-2025 15:08:58 Europe/Berlin] Attempting to connect to database: southrift on localhost
[06-Oct-2025 15:08:59 Europe/Berlin] Successfully connected to database: southrift
[06-Oct-2025 15:08:59 Europe/Berlin] Attempting to connect to database: southrift on localhost
[06-Oct-2025 15:08:59 Europe/Berlin] Successfully connected to database: southrift
[06-Oct-2025 15:09:00 Europe/Berlin] Attempting to connect to database: southrift on localhost
[06-Oct-2025 15:09:00 Europe/Berlin] Successfully connected to database: southrift
[06-Oct-2025 15:09:00 Europe/Berlin] Attempting to connect to database: southrift on localhost
[06-Oct-2025 15:09:00 Europe/Berlin] Successfully connected to database: southrift
[06-Oct-2025 15:09:54 Europe/Berlin] Attempting to connect to database: southrift on localhost
[06-Oct-2025 15:09:54 Europe/Berlin] Successfully connected to database: southrift
[06-Oct-2025 15:09:54 Europe/Berlin] Attempting to connect to database: southrift on localhost
[06-Oct-2025 15:09:54 Europe/Berlin] Successfully connected to database: southrift
[06-Oct-2025 15:10:02 Europe/Berlin] Attempting to connect to database: southrift on localhost
[06-Oct-2025 15:10:02 Europe/Berlin] Successfully connected to database: southrift
[06-Oct-2025 15:10:02 Europe/Berlin] Attempting to connect to database: southrift on localhost
[06-Oct-2025 15:10:02 Europe/Berlin] Successfully connected to database: southrift
[06-Oct-2025 15:10:02 Europe/Berlin] Attempting to connect to database: southrift on localhost
[06-Oct-2025 15:10:02 Europe/Berlin] Successfully connected to database: southrift
[06-Oct-2025 15:10:05 Europe/Berlin] Attempting to connect to database: southrift on localhost
[06-Oct-2025 15:10:05 Europe/Berlin] Successfully connected to database: southrift
[06-Oct-2025 15:10:05 Europe/Berlin] Attempting to connect to database: southrift on localhost
[06-Oct-2025 15:10:05 Europe/Berlin] Successfully connected to database: southrift
[06-Oct-2025 15:11:41 Europe/Berlin] Attempting to connect to database: southrift on localhost
[06-Oct-2025 15:11:41 Europe/Berlin] Successfully connected to database: southrift
[06-Oct-2025 15:15:05 Europe/Berlin] Attempting to connect to database: southrift on localhost
[06-Oct-2025 15:15:05 Europe/Berlin] Successfully connected to database: southrift
[06-Oct-2025 15:15:53 Europe/Berlin] Attempting to connect to database: southrift on localhost
[06-Oct-2025 15:15:53 Europe/Berlin] Successfully connected to database: southrift
[06-Oct-2025 15:20:07 Europe/Berlin] Attempting to connect to database: southrift on localhost
[06-Oct-2025 15:20:07 Europe/Berlin] Successfully connected to database: southrift
[06-Oct-2025 15:20:08 Europe/Berlin] Attempting to connect to database: southrift on localhost
[06-Oct-2025 15:20:08 Europe/Berlin] Successfully connected to database: southrift
[06-Oct-2025 15:20:08 Europe/Berlin] Attempting to connect to database: southrift on localhost
[06-Oct-2025 15:20:08 Europe/Berlin] Successfully connected to database: southrift
[06-Oct-2025 15:20:11 Europe/Berlin] Attempting to connect to database: southrift on localhost
[06-Oct-2025 15:20:11 Europe/Berlin] Successfully connected to database: southrift
[06-Oct-2025 15:20:11 Europe/Berlin] Attempting to connect to database: southrift on localhost
[06-Oct-2025 15:20:11 Europe/Berlin] Successfully connected to database: southrift
[06-Oct-2025 15:21:27 Europe/Berlin] Attempting to connect to database: southrift on localhost
[06-Oct-2025 15:21:27 Europe/Berlin] Successfully connected to database: southrift
[06-Oct-2025 15:21:27 Europe/Berlin] Attempting to connect to database: southrift on localhost
[06-Oct-2025 15:21:27 Europe/Berlin] Successfully connected to database: southrift
[06-Oct-2025 15:21:27 Europe/Berlin] Attempting to connect to database: southrift on localhost
[06-Oct-2025 15:21:27 Europe/Berlin] Successfully connected to database: southrift
[06-Oct-2025 15:21:30 Europe/Berlin] Attempting to connect to database: southrift on localhost
[06-Oct-2025 15:21:30 Europe/Berlin] Successfully connected to database: southrift
[06-Oct-2025 15:21:30 Europe/Berlin] Attempting to connect to database: southrift on localhost
[06-Oct-2025 15:21:30 Europe/Berlin] Successfully connected to database: southrift
[06-Oct-2025 15:21:33 Europe/Berlin] Attempting to connect to database: southrift on localhost
[06-Oct-2025 15:21:33 Europe/Berlin] Successfully connected to database: southrift
[06-Oct-2025 15:21:33 Europe/Berlin] Attempting to connect to database: southrift on localhost
[06-Oct-2025 15:21:33 Europe/Berlin] Successfully connected to database: southrift
[06-Oct-2025 15:21:40 Europe/Berlin] Attempting to connect to database: southrift on localhost
[06-Oct-2025 15:21:40 Europe/Berlin] Successfully connected to database: southrift
[06-Oct-2025 15:21:40 Europe/Berlin] Attempting to connect to database: southrift on localhost
[06-Oct-2025 15:21:40 Europe/Berlin] Successfully connected to database: southrift
[06-Oct-2025 15:21:40 Europe/Berlin] Attempting to connect to database: southrift on localhost
[06-Oct-2025 15:21:40 Europe/Berlin] Successfully connected to database: southrift
[06-Oct-2025 15:21:45 Europe/Berlin] Attempting to connect to database: southrift on localhost
[06-Oct-2025 15:21:45 Europe/Berlin] Successfully connected to database: southrift
[06-Oct-2025 15:21:45 Europe/Berlin] Attempting to connect to database: southrift on localhost
[06-Oct-2025 15:21:45 Europe/Berlin] Successfully connected to database: southrift
[06-Oct-2025 15:22:11 Europe/Berlin] Attempting to connect to database: southrift on localhost
[06-Oct-2025 15:22:11 Europe/Berlin] Successfully connected to database: southrift
[06-Oct-2025 15:23:06 Europe/Berlin] Attempting to connect to database: southrift on localhost
[06-Oct-2025 15:23:06 Europe/Berlin] Successfully connected to database: southrift
[06-Oct-2025 15:23:06 Europe/Berlin] Attempting to connect to database: southrift on localhost
[06-Oct-2025 15:23:06 Europe/Berlin] Successfully connected to database: southrift
[06-Oct-2025 15:23:06 Europe/Berlin] Attempting to connect to database: southrift on localhost
[06-Oct-2025 15:23:06 Europe/Berlin] Successfully connected to database: southrift
[06-Oct-2025 15:23:11 Europe/Berlin] Attempting to connect to database: southrift on localhost
[06-Oct-2025 15:23:11 Europe/Berlin] Successfully connected to database: southrift
[06-Oct-2025 15:23:11 Europe/Berlin] Attempting to connect to database: southrift on localhost
[06-Oct-2025 15:23:11 Europe/Berlin] Successfully connected to database: southrift
[06-Oct-2025 15:23:17 Europe/Berlin] Attempting to connect to database: southrift on localhost
[06-Oct-2025 15:23:17 Europe/Berlin] Successfully connected to database: southrift
[06-Oct-2025 15:23:17 Europe/Berlin] Attempting to connect to database: southrift on localhost
[06-Oct-2025 15:23:17 Europe/Berlin] Successfully connected to database: southrift
[06-Oct-2025 15:23:23 Europe/Berlin] Attempting to connect to database: southrift on localhost
[06-Oct-2025 15:23:23 Europe/Berlin] Successfully connected to database: southrift
[06-Oct-2025 15:23:23 Europe/Berlin] Attempting to connect to database: southrift on localhost
[06-Oct-2025 15:23:23 Europe/Berlin] Successfully connected to database: southrift
[06-Oct-2025 15:23:23 Europe/Berlin] Attempting to connect to database: southrift on localhost
[06-Oct-2025 15:23:23 Europe/Berlin] Successfully connected to database: southrift
[06-Oct-2025 15:23:27 Europe/Berlin] Attempting to connect to database: southrift on localhost
[06-Oct-2025 15:23:27 Europe/Berlin] Successfully connected to database: southrift
[06-Oct-2025 15:23:27 Europe/Berlin] Attempting to connect to database: southrift on localhost
[06-Oct-2025 15:23:27 Europe/Berlin] Successfully connected to database: southrift
[06-Oct-2025 15:23:50 Europe/Berlin] Attempting to connect to database: southrift on localhost
[06-Oct-2025 15:23:50 Europe/Berlin] Successfully connected to database: southrift
[06-Oct-2025 15:24:02 Europe/Berlin] Attempting to connect to database: southrift on localhost
[06-Oct-2025 15:24:02 Europe/Berlin] Successfully connected to database: southrift
[06-Oct-2025 15:24:50 Europe/Berlin] Attempting to connect to database: southrift on localhost
[06-Oct-2025 15:24:50 Europe/Berlin] Successfully connected to database: southrift
[06-Oct-2025 15:24:50 Europe/Berlin] Attempting to connect to database: southrift on localhost
[06-Oct-2025 15:24:50 Europe/Berlin] Successfully connected to database: southrift
[06-Oct-2025 15:24:50 Europe/Berlin] Attempting to connect to database: southrift on localhost
[06-Oct-2025 15:24:50 Europe/Berlin] Successfully connected to database: southrift
[06-Oct-2025 15:24:53 Europe/Berlin] Attempting to connect to database: southrift on localhost
[06-Oct-2025 15:24:53 Europe/Berlin] Successfully connected to database: southrift
[06-Oct-2025 15:24:53 Europe/Berlin] Attempting to connect to database: southrift on localhost
[06-Oct-2025 15:24:53 Europe/Berlin] Successfully connected to database: southrift
[06-Oct-2025 15:24:57 Europe/Berlin] Attempting to connect to database: southrift on localhost
[06-Oct-2025 15:24:57 Europe/Berlin] Successfully connected to database: southrift
[06-Oct-2025 15:24:57 Europe/Berlin] Attempting to connect to database: southrift on localhost
[06-Oct-2025 15:24:57 Europe/Berlin] Successfully connected to database: southrift
[06-Oct-2025 15:25:03 Europe/Berlin] Attempting to connect to database: southrift on localhost
[06-Oct-2025 15:25:03 Europe/Berlin] Successfully connected to database: southrift
[06-Oct-2025 15:25:03 Europe/Berlin] Attempting to connect to database: southrift on localhost
[06-Oct-2025 15:25:03 Europe/Berlin] Successfully connected to database: southrift
[06-Oct-2025 15:25:03 Europe/Berlin] Attempting to connect to database: southrift on localhost
[06-Oct-2025 15:25:03 Europe/Berlin] Successfully connected to database: southrift
[06-Oct-2025 15:25:06 Europe/Berlin] Attempting to connect to database: southrift on localhost
[06-Oct-2025 15:25:06 Europe/Berlin] Successfully connected to database: southrift
[06-Oct-2025 15:25:06 Europe/Berlin] Attempting to connect to database: southrift on localhost
[06-Oct-2025 15:25:06 Europe/Berlin] Successfully connected to database: southrift
